<?xml version="1.0" encoding="utf-8"?>
<CoverageSession xmlns:xsi="http://www.w3.org/2001/XMLSchema-instance" xmlns:xsd="http://www.w3.org/2001/XMLSchema">
  <Summary numSequencePoints="85" visitedSequencePoints="61" numBranchPoints="24" visitedBranchPoints="18" sequenceCoverage="71.76" branchCoverage="75" maxCyclomaticComplexity="4" minCyclomaticComplexity="1" />
  <Modules>
    <Module skippedDueTo="Filter" hash="E9-A8-6A-CC-31-FF-25-91-E6-86-F2-D5-72-EE-77-7D-AB-36-F0-0B">
      <FullName>C:\Windows\Microsoft.Net\assembly\GAC_32\mscorlib\v4.0_4.0.0.0__b77a5c561934e089\mscorlib.dll</FullName>
      <ModuleName>mscorlib</ModuleName>
      <Classes />
    </Module>
    <Module skippedDueTo="MissingPdb" hash="37-80-BE-DC-A8-79-2C-78-4A-75-9F-D4-19-B1-3A-5A-48-3E-CA-03">
      <FullName>C:\Users\juanillo\Downloads\dev\SharpDevelop\bin\Tools\NUnit\nunit-console-x86.exe</FullName>
      <ModuleName>nunit-console</ModuleName>
      <Classes />
    </Module>
    <Module skippedDueTo="MissingPdb" hash="33-E1-CA-24-52-5A-B7-C7-C4-AF-91-2C-A9-4A-C0-37-67-0D-5B-FE">
      <FullName>C:\Users\juanillo\Downloads\dev\SharpDevelop\bin\Tools\NUnit\lib\nunit.core.dll</FullName>
      <ModuleName>nunit.core</ModuleName>
      <Classes />
    </Module>
    <Module skippedDueTo="MissingPdb" hash="2A-C4-E5-DE-F3-EE-AD-84-E1-65-84-CC-15-90-76-96-E7-01-44-4E">
      <FullName>C:\Users\juanillo\Downloads\dev\SharpDevelop\bin\Tools\NUnit\lib\nunit-console-runner.dll</FullName>
      <ModuleName>nunit-console-runner</ModuleName>
      <Classes />
    </Module>
    <Module skippedDueTo="MissingPdb" hash="74-74-F6-87-59-E1-5F-4F-5F-5E-6E-82-50-E8-E2-46-D4-86-15-76">
      <FullName>C:\Users\juanillo\Downloads\dev\SharpDevelop\bin\Tools\NUnit\lib\nunit.util.dll</FullName>
      <ModuleName>nunit.util</ModuleName>
      <Classes />
    </Module>
    <Module skippedDueTo="MissingPdb" hash="D3-A4-4D-85-55-F7-CE-EF-A5-90-AA-EF-58-E0-9F-B6-CC-27-99-53">
      <FullName>C:\Users\juanillo\Downloads\dev\SharpDevelop\bin\Tools\NUnit\lib\nunit.core.interfaces.dll</FullName>
      <ModuleName>nunit.core.interfaces</ModuleName>
      <Classes />
    </Module>
    <Module skippedDueTo="Filter" hash="8F-6E-E8-4F-40-6A-75-31-1B-08-C2-22-D5-EA-FE-23-3B-7B-82-15">
      <FullName>C:\Windows\Microsoft.Net\assembly\GAC_MSIL\System.Configuration\v4.0_4.0.0.0__b03f5f7f11d50a3a\System.Configuration.dll</FullName>
      <ModuleName>System.Configuration</ModuleName>
      <Classes />
    </Module>
    <Module skippedDueTo="Filter" hash="38-4A-D4-CE-0C-44-E3-14-2E-0C-38-16-21-36-08-FC-9E-19-4A-F0">
      <FullName>C:\Windows\Microsoft.Net\assembly\GAC_MSIL\System\v4.0_4.0.0.0__b77a5c561934e089\System.dll</FullName>
      <ModuleName>System</ModuleName>
      <Classes />
    </Module>
    <Module skippedDueTo="Filter" hash="36-6D-BE-CC-C6-8D-5C-6B-D8-CE-E3-42-E9-1D-D1-3D-6E-FD-D9-5C">
      <FullName>C:\Windows\Microsoft.Net\assembly\GAC_MSIL\System.Xml\v4.0_4.0.0.0__b77a5c561934e089\System.Xml.dll</FullName>
      <ModuleName>System.Xml</ModuleName>
      <Classes />
    </Module>
    <Module skippedDueTo="Filter" hash="8B-6B-0D-0B-C5-5B-10-A0-CD-78-05-B7-13-A2-4C-DA-E5-47-4E-70">
      <FullName>C:\Windows\Microsoft.Net\assembly\GAC_MSIL\System.Runtime.Remoting\v4.0_4.0.0.0__b77a5c561934e089\System.Runtime.Remoting.dll</FullName>
      <ModuleName>System.Runtime.Remoting</ModuleName>
      <Classes />
    </Module>
    <Module skippedDueTo="Filter" hash="F0-AC-29-46-F9-CE-FF-96-AE-EE-4F-C0-DE-9E-59-D3-7E-1B-ED-08">
      <FullName>C:\Windows\Microsoft.Net\assembly\GAC_MSIL\System.Core\v4.0_4.0.0.0__b77a5c561934e089\System.Core.dll</FullName>
      <ModuleName>System.Core</ModuleName>
      <Classes />
    </Module>
    <Module hash="B8-A5-D7-E7-A0-66-13-DA-44-B6-F4-4E-FA-59-D4-F5-34-B8-E3-9A">
      <Summary numSequencePoints="48" visitedSequencePoints="29" numBranchPoints="11" visitedBranchPoints="8" sequenceCoverage="60.42" branchCoverage="72.73" maxCyclomaticComplexity="3" minCyclomaticComplexity="1" />
      <FullName>C:\Users\juanillo\AppData\Local\Temp\nunit20\ShadowCopyCache\5892_636030875559211044\Tests_15374553\assembly\dl3\52fc5a94\94aa3d25_8ed4d101\CoastCalculatorTests.dll</FullName>
      <ModuleName>CoastCalculatorTests</ModuleName>
      <Files>
        <File uid="1" fullPath="c:\dev\projects\3\kattis.ants.coastLength\repo\CoastCalculatorTests\CellMapCoastlineCalculatorTests.cs" />
      </Files>
      <Classes>
        <Class>
          <Summary numSequencePoints="0" visitedSequencePoints="0" numBranchPoints="0" visitedBranchPoints="0" sequenceCoverage="0" branchCoverage="0" maxCyclomaticComplexity="0" minCyclomaticComplexity="0" />
          <FullName>&lt;Module&gt;</FullName>
          <Methods />
        </Class>
        <Class>
          <Summary numSequencePoints="37" visitedSequencePoints="18" numBranchPoints="8" visitedBranchPoints="5" sequenceCoverage="48.65" branchCoverage="62.5" maxCyclomaticComplexity="3" minCyclomaticComplexity="1" />
          <FullName>CoastCalculator.CellMapCoastlineCalculatorTests</FullName>
          <Methods>
            <Method visited="false" cyclomaticComplexity="1" sequenceCoverage="0" branchCoverage="0" isConstructor="false" isStatic="false" isGetter="false" isSetter="false">
              <Summary numSequencePoints="6" visitedSequencePoints="0" numBranchPoints="1" visitedBranchPoints="0" sequenceCoverage="0" branchCoverage="0" maxCyclomaticComplexity="1" minCyclomaticComplexity="1" />
              <MetadataToken>100663297</MetadataToken>
              <Name>System.Void CoastCalculator.CellMapCoastlineCalculatorTests::Can_start_with_no_coastline_0_width_height()</Name>
              <FileRef uid="1" />
              <SequencePoints>
                <SequencePoint vc="0" uspid="1" ordinal="0" offset="0" sl="15" sc="3" el="15" ec="4" bec="0" bev="0" fileid="1" />
                <SequencePoint vc="0" uspid="2" ordinal="1" offset="1" sl="16" sc="4" el="18" ec="22" bec="0" bev="0" fileid="1" />
                <SequencePoint vc="0" uspid="3" ordinal="2" offset="19" sl="19" sc="4" el="19" ec="34" bec="0" bev="0" fileid="1" />
                <SequencePoint vc="0" uspid="4" ordinal="3" offset="26" sl="21" sc="4" el="21" ec="36" bec="0" bev="0" fileid="1" />
                <SequencePoint vc="0" uspid="5" ordinal="4" offset="33" sl="24" sc="4" el="24" ec="51" bec="0" bev="0" fileid="1" />
                <SequencePoint vc="0" uspid="6" ordinal="5" offset="62" sl="25" sc="3" el="25" ec="4" bec="0" bev="0" fileid="1" />
              </SequencePoints>
              <BranchPoints />
              <MethodPoint xsi:type="SequencePoint" vc="0" uspid="1" ordinal="0" offset="0" sl="15" sc="3" el="15" ec="4" bec="0" bev="0" fileid="1" />
            </Method>
            <Method visited="false" cyclomaticComplexity="1" sequenceCoverage="0" branchCoverage="0" isConstructor="false" isStatic="false" isGetter="false" isSetter="false">
              <Summary numSequencePoints="6" visitedSequencePoints="0" numBranchPoints="1" visitedBranchPoints="0" sequenceCoverage="0" branchCoverage="0" maxCyclomaticComplexity="1" minCyclomaticComplexity="1" />
              <MetadataToken>100663298</MetadataToken>
              <Name>System.Void CoastCalculator.CellMapCoastlineCalculatorTests::Can_start_with_no_coastline_rectangle_width_height(System.Int32,System.Int32)</Name>
              <FileRef uid="1" />
              <SequencePoints>
                <SequencePoint vc="0" uspid="7" ordinal="0" offset="0" sl="33" sc="3" el="33" ec="4" bec="0" bev="0" fileid="1" />
                <SequencePoint vc="0" uspid="8" ordinal="1" offset="1" sl="34" sc="4" el="36" ec="26" bec="0" bev="0" fileid="1" />
                <SequencePoint vc="0" uspid="9" ordinal="2" offset="19" sl="37" sc="4" el="37" ec="34" bec="0" bev="0" fileid="1" />
                <SequencePoint vc="0" uspid="10" ordinal="3" offset="26" sl="39" sc="4" el="39" ec="36" bec="0" bev="0" fileid="1" />
                <SequencePoint vc="0" uspid="11" ordinal="4" offset="33" sl="42" sc="4" el="42" ec="51" bec="0" bev="0" fileid="1" />
                <SequencePoint vc="0" uspid="12" ordinal="5" offset="62" sl="43" sc="3" el="43" ec="4" bec="0" bev="0" fileid="1" />
              </SequencePoints>
              <BranchPoints />
              <MethodPoint xsi:type="SequencePoint" vc="0" uspid="7" ordinal="0" offset="0" sl="33" sc="3" el="33" ec="4" bec="0" bev="0" fileid="1" />
            </Method>
            <Method visited="false" cyclomaticComplexity="1" sequenceCoverage="0" branchCoverage="0" isConstructor="false" isStatic="false" isGetter="false" isSetter="false">
              <Summary numSequencePoints="7" visitedSequencePoints="0" numBranchPoints="1" visitedBranchPoints="0" sequenceCoverage="0" branchCoverage="0" maxCyclomaticComplexity="1" minCyclomaticComplexity="1" />
              <MetadataToken>100663299</MetadataToken>
              <Name>System.Void CoastCalculator.CellMapCoastlineCalculatorTests::Can_calculate_perimeter_for_one_cell(System.Int32,System.Int32,System.Int32,System.Int32)</Name>
              <FileRef uid="1" />
              <SequencePoints>
                <SequencePoint vc="0" uspid="13" ordinal="0" offset="0" sl="50" sc="3" el="50" ec="4" bec="0" bev="0" fileid="1" />
                <SequencePoint vc="0" uspid="14" ordinal="1" offset="1" sl="51" sc="4" el="53" ec="26" bec="0" bev="0" fileid="1" />
                <SequencePoint vc="0" uspid="15" ordinal="2" offset="19" sl="54" sc="4" el="54" ec="34" bec="0" bev="0" fileid="1" />
                <SequencePoint vc="0" uspid="16" ordinal="3" offset="26" sl="56" sc="4" el="56" ec="33" bec="0" bev="0" fileid="1" />
                <SequencePoint vc="0" uspid="17" ordinal="4" offset="36" sl="57" sc="4" el="57" ec="36" bec="0" bev="0" fileid="1" />
                <SequencePoint vc="0" uspid="18" ordinal="5" offset="43" sl="60" sc="4" el="60" ec="51" bec="0" bev="0" fileid="1" />
                <SequencePoint vc="0" uspid="19" ordinal="6" offset="72" sl="61" sc="3" el="61" ec="4" bec="0" bev="0" fileid="1" />
              </SequencePoints>
              <BranchPoints />
              <MethodPoint xsi:type="SequencePoint" vc="0" uspid="13" ordinal="0" offset="0" sl="50" sc="3" el="50" ec="4" bec="0" bev="0" fileid="1" />
            </Method>
            <Method visited="true" cyclomaticComplexity="3" sequenceCoverage="100" branchCoverage="100" isConstructor="false" isStatic="false" isGetter="false" isSetter="false">
              <Summary numSequencePoints="18" visitedSequencePoints="18" numBranchPoints="5" visitedBranchPoints="5" sequenceCoverage="100" branchCoverage="100" maxCyclomaticComplexity="3" minCyclomaticComplexity="3" />
              <MetadataToken>100663300</MetadataToken>
              <Name>System.Void CoastCalculator.CellMapCoastlineCalculatorTests::Can_calculate_perimeter_when_all_are_land_cells(System.Int32,System.Int32)</Name>
              <FileRef uid="1" />
              <SequencePoints>
                <SequencePoint vc="5" uspid="20" ordinal="0" offset="0" sl="69" sc="3" el="69" ec="4" bec="0" bev="0" fileid="1" />
                <SequencePoint vc="5" uspid="21" ordinal="1" offset="1" sl="70" sc="4" el="72" ec="26" bec="0" bev="0" fileid="1" />
                <SequencePoint vc="5" uspid="22" ordinal="2" offset="19" sl="73" sc="4" el="73" ec="34" bec="0" bev="0" fileid="1" />
                <SequencePoint vc="5" uspid="23" ordinal="3" offset="26" sl="75" sc="9" el="75" ec="19" bec="0" bev="0" fileid="1" />
                <SequencePoint vc="27" uspid="24" ordinal="4" offset="30" sl="76" sc="4" el="76" ec="5" bec="0" bev="0" fileid="1" />
                <SequencePoint vc="27" uspid="25" ordinal="5" offset="31" sl="77" sc="10" el="77" ec="20" bec="0" bev="0" fileid="1" />
                <SequencePoint vc="151" uspid="26" ordinal="6" offset="35" sl="78" sc="5" el="78" ec="6" bec="0" bev="0" fileid="1" />
                <SequencePoint vc="151" uspid="27" ordinal="7" offset="36" sl="79" sc="6" el="79" ec="27" bec="0" bev="0" fileid="1" />
                <SequencePoint vc="151" uspid="28" ordinal="8" offset="45" sl="80" sc="5" el="80" ec="6" bec="0" bev="0" fileid="1" />
                <SequencePoint vc="151" uspid="29" ordinal="9" offset="46" sl="77" sc="33" el="77" ec="36" bec="0" bev="0" fileid="1" />
                <SequencePoint vc="178" uspid="30" ordinal="10" offset="50" sl="77" sc="21" el="77" ec="31" bec="2" bev="2" fileid="1" />
                <SequencePoint vc="27" uspid="31" ordinal="11" offset="60" sl="81" sc="4" el="81" ec="5" bec="0" bev="0" fileid="1" />
                <SequencePoint vc="27" uspid="32" ordinal="12" offset="61" sl="75" sc="31" el="75" ec="34" bec="0" bev="0" fileid="1" />
                <SequencePoint vc="32" uspid="33" ordinal="13" offset="65" sl="75" sc="20" el="75" ec="29" bec="2" bev="2" fileid="1" />
                <SequencePoint vc="5" uspid="34" ordinal="14" offset="75" sl="83" sc="4" el="83" ec="36" bec="0" bev="0" fileid="1" />
                <SequencePoint vc="5" uspid="35" ordinal="15" offset="83" sl="84" sc="4" el="84" ec="46" bec="0" bev="0" fileid="1" />
                <SequencePoint vc="5" uspid="36" ordinal="16" offset="92" sl="86" sc="4" el="86" ec="51" bec="0" bev="0" fileid="1" />
                <SequencePoint vc="1" uspid="37" ordinal="17" offset="123" sl="87" sc="3" el="87" ec="4" bec="0" bev="0" fileid="1" />
              </SequencePoints>
              <BranchPoints>
                <BranchPoint vc="27" uspid="38" ordinal="0" offset="58" path="0" offsetchain="" offsetend="60" />
                <BranchPoint vc="151" uspid="39" ordinal="1" offset="58" path="1" offsetchain="" offsetend="35" />
                <BranchPoint vc="5" uspid="40" ordinal="2" offset="73" path="0" offsetchain="" offsetend="75" />
                <BranchPoint vc="27" uspid="41" ordinal="3" offset="73" path="1" offsetchain="" offsetend="30" />
              </BranchPoints>
              <MethodPoint xsi:type="SequencePoint" vc="5" uspid="20" ordinal="0" offset="0" sl="69" sc="3" el="69" ec="4" bec="0" bev="0" fileid="1" />
            </Method>
            <Method visited="true" cyclomaticComplexity="1" sequenceCoverage="0" branchCoverage="0" isConstructor="true" isStatic="false" isGetter="false" isSetter="false">
              <Summary numSequencePoints="0" visitedSequencePoints="0" numBranchPoints="0" visitedBranchPoints="0" sequenceCoverage="0" branchCoverage="0" maxCyclomaticComplexity="1" minCyclomaticComplexity="1" />
              <MetadataToken>100663301</MetadataToken>
              <Name>System.Void CoastCalculator.CellMapCoastlineCalculatorTests::.ctor()</Name>
              <SequencePoints />
              <BranchPoints />
              <MethodPoint vc="1" uspid="42" ordinal="0" offset="0" />
            </Method>
          </Methods>
        </Class>
        <Class>
          <Summary numSequencePoints="11" visitedSequencePoints="11" numBranchPoints="3" visitedBranchPoints="3" sequenceCoverage="100" branchCoverage="100" maxCyclomaticComplexity="1" minCyclomaticComplexity="1" />
          <FullName>CoastCalculator.CellMapCoastlineCalculatorTests/Fixture</FullName>
          <Methods>
            <Method visited="true" cyclomaticComplexity="1" sequenceCoverage="100" branchCoverage="100" isConstructor="false" isStatic="false" isGetter="false" isSetter="false">
              <Summary numSequencePoints="4" visitedSequencePoints="4" numBranchPoints="1" visitedBranchPoints="1" sequenceCoverage="100" branchCoverage="100" maxCyclomaticComplexity="1" minCyclomaticComplexity="1" />
              <MetadataToken>100663302</MetadataToken>
              <Name>CoastCalculator.CellMapCoastlineCalculatorTests/Fixture CoastCalculator.CellMapCoastlineCalculatorTests/Fixture::WithMapHeight(System.Int32)</Name>
              <FileRef uid="1" />
              <SequencePoints>
                <SequencePoint vc="5" uspid="43" ordinal="0" offset="0" sl="95" sc="4" el="95" ec="5" bec="0" bev="0" fileid="1" />
                <SequencePoint vc="5" uspid="44" ordinal="1" offset="1" sl="96" sc="5" el="96" ec="23" bec="0" bev="0" fileid="1" />
                <SequencePoint vc="5" uspid="45" ordinal="2" offset="8" sl="97" sc="5" el="97" ec="17" bec="0" bev="0" fileid="1" />
                <SequencePoint vc="5" uspid="46" ordinal="3" offset="12" sl="98" sc="4" el="98" ec="5" bec="0" bev="0" fileid="1" />
              </SequencePoints>
              <BranchPoints />
              <MethodPoint xsi:type="SequencePoint" vc="5" uspid="43" ordinal="0" offset="0" sl="95" sc="4" el="95" ec="5" bec="0" bev="0" fileid="1" />
            </Method>
            <Method visited="true" cyclomaticComplexity="1" sequenceCoverage="100" branchCoverage="100" isConstructor="false" isStatic="false" isGetter="false" isSetter="false">
              <Summary numSequencePoints="4" visitedSequencePoints="4" numBranchPoints="1" visitedBranchPoints="1" sequenceCoverage="100" branchCoverage="100" maxCyclomaticComplexity="1" minCyclomaticComplexity="1" />
              <MetadataToken>100663303</MetadataToken>
              <Name>CoastCalculator.CellMapCoastlineCalculatorTests/Fixture CoastCalculator.CellMapCoastlineCalculatorTests/Fixture::WithMapWidth(System.Int32)</Name>
              <FileRef uid="1" />
              <SequencePoints>
                <SequencePoint vc="5" uspid="47" ordinal="0" offset="0" sl="101" sc="4" el="101" ec="5" bec="0" bev="0" fileid="1" />
                <SequencePoint vc="5" uspid="48" ordinal="1" offset="1" sl="102" sc="5" el="102" ec="22" bec="0" bev="0" fileid="1" />
                <SequencePoint vc="5" uspid="49" ordinal="2" offset="8" sl="103" sc="5" el="103" ec="17" bec="0" bev="0" fileid="1" />
                <SequencePoint vc="5" uspid="50" ordinal="3" offset="12" sl="104" sc="4" el="104" ec="5" bec="0" bev="0" fileid="1" />
              </SequencePoints>
              <BranchPoints />
              <MethodPoint xsi:type="SequencePoint" vc="5" uspid="47" ordinal="0" offset="0" sl="101" sc="4" el="101" ec="5" bec="0" bev="0" fileid="1" />
            </Method>
            <Method visited="true" cyclomaticComplexity="1" sequenceCoverage="100" branchCoverage="100" isConstructor="false" isStatic="false" isGetter="false" isSetter="false">
              <Summary numSequencePoints="3" visitedSequencePoints="3" numBranchPoints="1" visitedBranchPoints="1" sequenceCoverage="100" branchCoverage="100" maxCyclomaticComplexity="1" minCyclomaticComplexity="1" />
              <MetadataToken>100663304</MetadataToken>
              <Name>CoastCalculator.CellMapCoastlineCalculator CoastCalculator.CellMapCoastlineCalculatorTests/Fixture::CreateSUT()</Name>
              <FileRef uid="1" />
              <SequencePoints>
                <SequencePoint vc="5" uspid="51" ordinal="0" offset="0" sl="107" sc="4" el="107" ec="5" bec="0" bev="0" fileid="1" />
                <SequencePoint vc="5" uspid="52" ordinal="1" offset="1" sl="108" sc="5" el="108" ec="64" bec="0" bev="0" fileid="1" />
                <SequencePoint vc="5" uspid="53" ordinal="2" offset="21" sl="109" sc="4" el="109" ec="5" bec="0" bev="0" fileid="1" />
              </SequencePoints>
              <BranchPoints />
              <MethodPoint xsi:type="SequencePoint" vc="5" uspid="51" ordinal="0" offset="0" sl="107" sc="4" el="107" ec="5" bec="0" bev="0" fileid="1" />
            </Method>
            <Method visited="true" cyclomaticComplexity="1" sequenceCoverage="0" branchCoverage="0" isConstructor="true" isStatic="false" isGetter="false" isSetter="false">
              <Summary numSequencePoints="0" visitedSequencePoints="0" numBranchPoints="0" visitedBranchPoints="0" sequenceCoverage="0" branchCoverage="0" maxCyclomaticComplexity="1" minCyclomaticComplexity="1" />
              <MetadataToken>100663305</MetadataToken>
              <Name>System.Void CoastCalculator.CellMapCoastlineCalculatorTests/Fixture::.ctor()</Name>
              <SequencePoints />
              <BranchPoints />
              <MethodPoint vc="5" uspid="54" ordinal="0" offset="0" />
            </Method>
          </Methods>
        </Class>
      </Classes>
    </Module>
    <Module skippedDueTo="MissingPdb" hash="69-89-67-69-A6-E1-FC-1B-90-A9-E2-01-18-6B-7E-8C-4A-9A-F6-B8">
      <FullName>C:\Users\juanillo\AppData\Local\Temp\nunit20\ShadowCopyCache\5892_636030875559211044\Tests_15374553\assembly\dl3\ca89379a\bf1b5aba_75d4d101\nunit.framework.dll</FullName>
      <ModuleName>nunit.framework</ModuleName>
      <Classes />
    </Module>
    <Module hash="85-E4-11-0B-BB-0E-65-B5-58-67-9B-C3-4B-AB-B9-6B-3D-E9-F1-FD">
      <Summary numSequencePoints="37" visitedSequencePoints="32" numBranchPoints="13" visitedBranchPoints="10" sequenceCoverage="86.49" branchCoverage="76.92" maxCyclomaticComplexity="4" minCyclomaticComplexity="1" />
      <FullName>C:\Users\juanillo\AppData\Local\Temp\nunit20\ShadowCopyCache\5892_636030875559211044\Tests_15374553\assembly\dl3\60da3d9e\5b0d6524_8ed4d101\CoastCalculator.exe</FullName>
      <ModuleName>CoastCalculator</ModuleName>
      <Files>
        <File uid="5" fullPath="c:\dev\projects\3\kattis.ants.coastLength\repo\CoastCalculator\Program.cs" />
      </Files>
      <Classes>
        <Class>
          <Summary numSequencePoints="0" visitedSequencePoints="0" numBranchPoints="0" visitedBranchPoints="0" sequenceCoverage="0" branchCoverage="0" maxCyclomaticComplexity="0" minCyclomaticComplexity="0" />
          <FullName>&lt;Module&gt;</FullName>
          <Methods />
        </Class>
        <Class>
          <Summary numSequencePoints="5" visitedSequencePoints="0" numBranchPoints="1" visitedBranchPoints="0" sequenceCoverage="0" branchCoverage="0" maxCyclomaticComplexity="1" minCyclomaticComplexity="1" />
          <FullName>CoastCalculator.Program</FullName>
          <Methods>
            <Method visited="false" cyclomaticComplexity="1" sequenceCoverage="0" branchCoverage="0" isConstructor="false" isStatic="true" isGetter="false" isSetter="false">
              <Summary numSequencePoints="5" visitedSequencePoints="0" numBranchPoints="1" visitedBranchPoints="0" sequenceCoverage="0" branchCoverage="0" maxCyclomaticComplexity="1" minCyclomaticComplexity="1" />
              <MetadataToken>100663297</MetadataToken>
              <Name>System.Void CoastCalculator.Program::Main(System.String[])</Name>
              <FileRef uid="5" />
              <SequencePoints>
                <SequencePoint vc="0" uspid="55" ordinal="0" offset="0" sl="9" sc="3" el="9" ec="4" bec="0" bev="0" fileid="5" />
                <SequencePoint vc="0" uspid="56" ordinal="1" offset="1" sl="10" sc="4" el="10" ec="38" bec="0" bev="0" fileid="5" />
                <SequencePoint vc="0" uspid="57" ordinal="2" offset="12" sl="14" sc="4" el="14" ec="54" bec="0" bev="0" fileid="5" />
                <SequencePoint vc="0" uspid="58" ordinal="3" offset="23" sl="15" sc="4" el="15" ec="26" bec="0" bev="0" fileid="5" />
                <SequencePoint vc="0" uspid="59" ordinal="4" offset="30" sl="16" sc="3" el="16" ec="4" bec="0" bev="0" fileid="5" />
              </SequencePoints>
              <BranchPoints />
              <MethodPoint xsi:type="SequencePoint" vc="0" uspid="55" ordinal="0" offset="0" sl="9" sc="3" el="9" ec="4" bec="0" bev="0" fileid="5" />
            </Method>
            <Method visited="false" cyclomaticComplexity="1" sequenceCoverage="0" branchCoverage="0" isConstructor="true" isStatic="false" isGetter="false" isSetter="false">
              <Summary numSequencePoints="0" visitedSequencePoints="0" numBranchPoints="0" visitedBranchPoints="0" sequenceCoverage="0" branchCoverage="0" maxCyclomaticComplexity="1" minCyclomaticComplexity="1" />
              <MetadataToken>100663298</MetadataToken>
              <Name>System.Void CoastCalculator.Program::.ctor()</Name>
              <SequencePoints />
              <BranchPoints />
              <MethodPoint vc="0" uspid="60" ordinal="0" offset="0" />
            </Method>
          </Methods>
        </Class>
        <Class>
          <Summary numSequencePoints="32" visitedSequencePoints="32" numBranchPoints="12" visitedBranchPoints="10" sequenceCoverage="100" branchCoverage="83.33" maxCyclomaticComplexity="4" minCyclomaticComplexity="1" />
          <FullName>CoastCalculator.CellMapCoastlineCalculator</FullName>
          <Methods>
            <Method visited="true" cyclomaticComplexity="1" sequenceCoverage="100" branchCoverage="100" isConstructor="true" isStatic="false" isGetter="false" isSetter="false">
              <Summary numSequencePoints="7" visitedSequencePoints="7" numBranchPoints="1" visitedBranchPoints="1" sequenceCoverage="100" branchCoverage="100" maxCyclomaticComplexity="1" minCyclomaticComplexity="1" />
              <MetadataToken>100663299</MetadataToken>
              <Name>System.Void CoastCalculator.CellMapCoastlineCalculator::.ctor(System.Int32,System.Int32)</Name>
              <FileRef uid="5" />
              <SequencePoints>
                <SequencePoint vc="5" uspid="61" ordinal="0" offset="0" sl="32" sc="3" el="32" ec="65" bec="0" bev="0" fileid="5" />
                <SequencePoint vc="5" uspid="62" ordinal="1" offset="7" sl="33" sc="3" el="33" ec="4" bec="0" bev="0" fileid="5" />
                <SequencePoint vc="5" uspid="63" ordinal="2" offset="8" sl="34" sc="4" el="34" ec="31" bec="0" bev="0" fileid="5" />
                <SequencePoint vc="5" uspid="64" ordinal="3" offset="15" sl="35" sc="4" el="35" ec="29" bec="0" bev="0" fileid="5" />
                <SequencePoint vc="5" uspid="65" ordinal="4" offset="22" sl="36" sc="4" el="36" ec="35" bec="0" bev="0" fileid="5" />
                <SequencePoint vc="5" uspid="66" ordinal="5" offset="34" sl="37" sc="4" el="37" ec="36" bec="0" bev="0" fileid="5" />
                <SequencePoint vc="5" uspid="67" ordinal="6" offset="46" sl="38" sc="3" el="38" ec="4" bec="0" bev="0" fileid="5" />
              </SequencePoints>
              <BranchPoints />
              <MethodPoint xsi:type="SequencePoint" vc="5" uspid="61" ordinal="0" offset="0" sl="32" sc="3" el="32" ec="65" bec="0" bev="0" fileid="5" />
            </Method>
            <Method visited="true" cyclomaticComplexity="1" sequenceCoverage="100" branchCoverage="100" isConstructor="false" isStatic="false" isGetter="false" isSetter="false">
              <Summary numSequencePoints="4" visitedSequencePoints="4" numBranchPoints="1" visitedBranchPoints="1" sequenceCoverage="100" branchCoverage="100" maxCyclomaticComplexity="1" minCyclomaticComplexity="1" />
              <MetadataToken>100663300</MetadataToken>
              <Name>System.Void CoastCalculator.CellMapCoastlineCalculator::MarkLandAt(System.Int32,System.Int32)</Name>
              <FileRef uid="5" />
              <SequencePoints>
                <SequencePoint vc="151" uspid="68" ordinal="0" offset="0" sl="41" sc="3" el="41" ec="4" bec="0" bev="0" fileid="5" />
                <SequencePoint vc="151" uspid="69" ordinal="1" offset="1" sl="42" sc="4" el="42" ec="28" bec="0" bev="0" fileid="5" />
                <SequencePoint vc="151" uspid="70" ordinal="2" offset="10" sl="43" sc="4" el="43" ec="28" bec="0" bev="0" fileid="5" />
                <SequencePoint vc="151" uspid="71" ordinal="3" offset="19" sl="44" sc="3" el="44" ec="4" bec="0" bev="0" fileid="5" />
              </SequencePoints>
              <BranchPoints />
              <MethodPoint xsi:type="SequencePoint" vc="151" uspid="68" ordinal="0" offset="0" sl="41" sc="3" el="41" ec="4" bec="0" bev="0" fileid="5" />
            </Method>
            <Method visited="true" cyclomaticComplexity="4" sequenceCoverage="100" branchCoverage="85.71" isConstructor="false" isStatic="false" isGetter="false" isSetter="false">
              <Summary numSequencePoints="18" visitedSequencePoints="18" numBranchPoints="7" visitedBranchPoints="6" sequenceCoverage="100" branchCoverage="85.71" maxCyclomaticComplexity="4" minCyclomaticComplexity="4" />
              <MetadataToken>100663301</MetadataToken>
              <Name>System.Int32 CoastCalculator.CellMapCoastlineCalculator::GetPerimeter()</Name>
              <FileRef uid="5" />
              <SequencePoints>
                <SequencePoint vc="5" uspid="72" ordinal="0" offset="0" sl="47" sc="3" el="47" ec="4" bec="0" bev="0" fileid="5" />
                <SequencePoint vc="5" uspid="73" ordinal="1" offset="1" sl="48" sc="4" el="48" ec="22" bec="0" bev="0" fileid="5" />
                <SequencePoint vc="5" uspid="74" ordinal="2" offset="3" sl="49" sc="9" el="49" ec="19" bec="0" bev="0" fileid="5" />
                <SequencePoint vc="27" uspid="75" ordinal="3" offset="7" sl="50" sc="4" el="50" ec="5" bec="0" bev="0" fileid="5" />
                <SequencePoint vc="27" uspid="76" ordinal="4" offset="8" sl="51" sc="10" el="51" ec="20" bec="0" bev="0" fileid="5" />
                <SequencePoint vc="151" uspid="77" ordinal="5" offset="12" sl="52" sc="5" el="52" ec="6" bec="0" bev="0" fileid="5" />
                <SequencePoint vc="151" uspid="78" ordinal="6" offset="13" sl="53" sc="6" el="53" ec="23" bec="2" bev="1" fileid="5" />
                <SequencePoint vc="151" uspid="79" ordinal="7" offset="30" sl="54" sc="6" el="54" ec="7" bec="0" bev="0" fileid="5" />
                <SequencePoint vc="151" uspid="80" ordinal="8" offset="31" sl="55" sc="7" el="55" ec="22" bec="0" bev="0" fileid="5" />
                <SequencePoint vc="151" uspid="81" ordinal="9" offset="35" sl="56" sc="6" el="56" ec="7" bec="0" bev="0" fileid="5" />
                <SequencePoint vc="151" uspid="82" ordinal="10" offset="36" sl="57" sc="5" el="57" ec="6" bec="0" bev="0" fileid="5" />
                <SequencePoint vc="151" uspid="83" ordinal="11" offset="37" sl="51" sc="36" el="51" ec="39" bec="0" bev="0" fileid="5" />
                <SequencePoint vc="178" uspid="84" ordinal="12" offset="41" sl="51" sc="21" el="51" ec="34" bec="2" bev="2" fileid="5" />
                <SequencePoint vc="27" uspid="85" ordinal="13" offset="56" sl="58" sc="4" el="58" ec="5" bec="0" bev="0" fileid="5" />
                <SequencePoint vc="27" uspid="86" ordinal="14" offset="57" sl="49" sc="34" el="49" ec="37" bec="0" bev="0" fileid="5" />
                <SequencePoint vc="32" uspid="87" ordinal="15" offset="61" sl="49" sc="20" el="49" ec="32" bec="2" bev="2" fileid="5" />
                <SequencePoint vc="5" uspid="88" ordinal="16" offset="76" sl="60" sc="4" el="60" ec="21" bec="0" bev="0" fileid="5" />
                <SequencePoint vc="5" uspid="89" ordinal="17" offset="80" sl="61" sc="3" el="61" ec="4" bec="0" bev="0" fileid="5" />
              </SequencePoints>
              <BranchPoints>
                <BranchPoint vc="151" uspid="90" ordinal="0" offset="28" path="0" offsetchain="" offsetend="30" />
                <BranchPoint vc="0" uspid="91" ordinal="1" offset="28" path="1" offsetchain="" offsetend="36" />
                <BranchPoint vc="27" uspid="92" ordinal="2" offset="54" path="0" offsetchain="" offsetend="56" />
                <BranchPoint vc="151" uspid="93" ordinal="3" offset="54" path="1" offsetchain="" offsetend="12" />
                <BranchPoint vc="5" uspid="94" ordinal="4" offset="74" path="0" offsetchain="" offsetend="76" />
                <BranchPoint vc="27" uspid="95" ordinal="5" offset="74" path="1" offsetchain="" offsetend="7" />
              </BranchPoints>
              <MethodPoint xsi:type="SequencePoint" vc="5" uspid="72" ordinal="0" offset="0" sl="47" sc="3" el="47" ec="4" bec="0" bev="0" fileid="5" />
            </Method>
            <Method visited="true" cyclomaticComplexity="3" sequenceCoverage="100" branchCoverage="66.67" isConstructor="false" isStatic="false" isGetter="false" isSetter="false">
              <Summary numSequencePoints="3" visitedSequencePoints="3" numBranchPoints="3" visitedBranchPoints="2" sequenceCoverage="100" branchCoverage="66.67" maxCyclomaticComplexity="3" minCyclomaticComplexity="3" />
              <MetadataToken>100663302</MetadataToken>
              <Name>System.Boolean CoastCalculator.CellMapCoastlineCalculator::IsLand(System.Int32,System.Int32)</Name>
              <FileRef uid="5" />
              <SequencePoints>
                <SequencePoint vc="151" uspid="96" ordinal="0" offset="0" sl="64" sc="3" el="64" ec="4" bec="0" bev="0" fileid="5" />
                <SequencePoint vc="151" uspid="97" ordinal="1" offset="1" sl="65" sc="4" el="65" ec="48" bec="2" bev="1" fileid="5" />
                <SequencePoint vc="151" uspid="98" ordinal="2" offset="26" sl="66" sc="3" el="66" ec="4" bec="0" bev="0" fileid="5" />
              </SequencePoints>
              <BranchPoints>
                <BranchPoint vc="151" uspid="99" ordinal="0" offset="9" path="0" offsetchain="" offsetend="11" />
                <BranchPoint vc="0" uspid="100" ordinal="1" offset="9" path="1" offsetchain="" offsetend="21" />
              </BranchPoints>
              <MethodPoint xsi:type="SequencePoint" vc="151" uspid="96" ordinal="0" offset="0" sl="64" sc="3" el="64" ec="4" bec="0" bev="0" fileid="5" />
            </Method>
          </Methods>
        </Class>
      </Classes>
    </Module>
  </Modules>
</CoverageSession>